Using pre-set license
Built from '2020.3/staging' branch; Version is '2020.3.13f1 (71691879b7f5) revision 7432472'; Using compiler version '192528614'; Build Type 'Release'
OS: 'Windows 10 Home; OS build 19043.1165; Version 2009; 64bit' Language: 'en' Physical Memory: 16282 MB
BatchMode: 1, IsHumanControllingUs: 0, StartBugReporterOnCrash: 0, Is64bit: 1, IsPro: 0

 COMMAND LINE ARGUMENTS:
C:\Program Files\Unity\Hub\Editor\2020.3.13f1\Editor\Unity.exe
-adb2
-batchMode
-noUpm
-name
AssetImportWorker0
-projectPath
D:/K3v/2021_8-17_UnityProjects/LegoMicrogame/1stGameLegoMicro
-logFile
Logs/AssetImportWorker0.log
-srvPort
65106
Successfully changed project path to: D:/K3v/2021_8-17_UnityProjects/LegoMicrogame/1stGameLegoMicro
D:/K3v/2021_8-17_UnityProjects/LegoMicrogame/1stGameLegoMicro
Using Asset Import Pipeline V2.
Refreshing native plugins compatible for Editor in 52.14 ms, found 2 plugins.
Preloading 0 native plugins for Editor in 0.00 ms.
Initialize engine version: 2020.3.13f1 (71691879b7f5)
[Subsystems] Discovering subsystems at path C:/Program Files/Unity/Hub/Editor/2020.3.13f1/Editor/Data/Resources/UnitySubsystems
[Subsystems] Discovering subsystems at path D:/K3v/2021_8-17_UnityProjects/LegoMicrogame/1stGameLegoMicro/Assets
GfxDevice: creating device client; threaded=0
Direct3D:
    Version:  Direct3D 11.0 [level 11.1]
    Renderer: NVIDIA GeForce RTX 2070 with Max-Q Design (ID=0x1f10)
    Vendor:   
    VRAM:     8031 MB
    Driver:   30.0.14.7168
Initialize mono
Mono path[0] = 'C:/Program Files/Unity/Hub/Editor/2020.3.13f1/Editor/Data/Managed'
Mono path[1] = 'C:/Program Files/Unity/Hub/Editor/2020.3.13f1/Editor/Data/MonoBleedingEdge/lib/mono/unityjit'
Mono config path = 'C:/Program Files/Unity/Hub/Editor/2020.3.13f1/Editor/Data/MonoBleedingEdge/etc'
Using monoOptions --debugger-agent=transport=dt_socket,embedding=1,server=y,suspend=n,address=127.0.0.1:56160
Begin MonoManager ReloadAssembly
Registering precompiled unity dll's ...
Register platform support module: C:/Program Files/Unity/Hub/Editor/2020.3.13f1/Editor/Data/PlaybackEngines/WebGLSupport/UnityEditor.WebGL.Extensions.dll
Register platform support module: C:/Program Files/Unity/Hub/Editor/2020.3.13f1/Editor/Data/PlaybackEngines/WindowsStandaloneSupport/UnityEditor.WindowsStandalone.Extensions.dll
Registered in 0.002557 seconds.
Native extension for WindowsStandalone target not found
Native extension for WebGL target not found
Refreshing native plugins compatible for Editor in 49.33 ms, found 2 plugins.
Preloading 0 native plugins for Editor in 0.00 ms.
Mono: successfully reloaded assembly
- Completed reload, in  1.133 seconds
Platform modules already initialized, skipping
Registering precompiled user dll's ...
Registered in 0.003640 seconds.
Begin MonoManager ReloadAssembly
Native extension for WindowsStandalone target not found
Native extension for WebGL target not found
Refreshing native plugins compatible for Editor in 0.47 ms, found 2 plugins.
Preloading 0 native plugins for Editor in 0.00 ms.
Mono: successfully reloaded assembly
- Completed reload, in  1.046 seconds
Platform modules already initialized, skipping
========================================================================
Worker process is ready to serve import requests
Launched and connected shader compiler UnityShaderCompiler.exe after 0.04 seconds
Refreshing native plugins compatible for Editor in 0.47 ms, found 2 plugins.
Preloading 0 native plugins for Editor in 0.00 ms.
Unloading 2008 Unused Serialized files (Serialized files now loaded: 0)
System memory in use before: 91.0 MB.
System memory in use after: 88.7 MB.

Unloading 37 unused Assets to reduce memory usage. Loaded Objects now: 2428.
Total: 3.077500 ms (FindLiveObjects: 0.148500 ms CreateObjectMapping: 0.057500 ms MarkObjects: 1.621900 ms  DeleteObjects: 1.248700 ms)

AssetImportParameters requested are different than current active one (requested -> active):
  custom:framework-win-MediaFoundation: 216162199b28c13a410421893ffa2e32 -> 
  custom:video-decoder-ogg-theora: a1e56fd34408186e4bbccfd4996cb3dc -> 
  custom:container-muxer-webm: aa71ff27fc2769a1b78a27578f13a17b -> 
  custom:container-demuxer-webm: 4f35f7cbe854078d1ac9338744f61a02 -> 
  custom:container-demuxer-ogg: 62fdf1f143b41e24485cea50d1cbac27 -> 
  custom:video-encoder-webm-vp8: eb34c28f22e8b96e1ab97ce403110664 -> 
  custom:video-decoder-webm-vp8: 9c59270c3fd7afecdb556c50c9e8de78 -> 
  custom:audio-decoder-ogg-vorbis: bf7c407c2cedff20999df2af8eb42d56 -> 
  custom:audio-encoder-webm-vorbis: bf7c407c2cedff20999df2af8eb42d56 -> 
========================================================================
Received Import Request.
  path: Assets/AddOns/MgLEGO Danger Zone/Prefabs/LEGO Models/Obstacles/Arrow Bent.prefab
  artifactKey: Guid(8141e9c5a408d46ab8fb7f50fdcf94af) Importer(815301076,1909f56bfc062723c751e8b465ee728b)
Start importing Assets/AddOns/MgLEGO Danger Zone/Prefabs/LEGO Models/Obstacles/Arrow Bent.prefab using Guid(8141e9c5a408d46ab8fb7f50fdcf94af) Importer(815301076,1909f56bfc062723c751e8b465ee728b)  -> (artifact id: 'd1cb82f87da44ffc5c67b4a652e74438') in 0.173962 seconds 
  Import took 0.180003 seconds .

========================================================================
Received Import Request.
  Time since last request: 0.000282 seconds.
  path: Assets/AddOns/MgLEGO Danger Zone/Prefabs/LEGO Models/Obstacles/Arrow.prefab
  artifactKey: Guid(e33e7c8790ed847a388be66c76d309c0) Importer(815301076,1909f56bfc062723c751e8b465ee728b)
Start importing Assets/AddOns/MgLEGO Danger Zone/Prefabs/LEGO Models/Obstacles/Arrow.prefab using Guid(e33e7c8790ed847a388be66c76d309c0) Importer(815301076,1909f56bfc062723c751e8b465ee728b)  -> (artifact id: 'd5dee027b95af21e3a17b80ab0977ffb') in 0.069461 seconds 
  Import took 0.074022 seconds .

========================================================================
Received Import Request.
  Time since last request: 0.414260 seconds.
  path: Assets/AddOns/MgLEGO Danger Zone/Prefabs/LEGO Models/Obstacles/Bridge Half.prefab
  artifactKey: Guid(99d8b1afc651b4f339719c8c48d59534) Importer(815301076,1909f56bfc062723c751e8b465ee728b)
Start importing Assets/AddOns/MgLEGO Danger Zone/Prefabs/LEGO Models/Obstacles/Bridge Half.prefab using Guid(99d8b1afc651b4f339719c8c48d59534) Importer(815301076,1909f56bfc062723c751e8b465ee728b)  -> (artifact id: '2df1c0ce6de7b6bdf30796f4b43f4b87') in 0.182822 seconds 
  Import took 0.192342 seconds .

========================================================================
Received Import Request.
  Time since last request: 8.301770 seconds.
  path: Assets/AddOns/MgLEGO Danger Zone/Prefabs/LEGO Models/Obstacles/Platform Medium.prefab
  artifactKey: Guid(ccb9d6f5f5a8943a494682b851ce2a74) Importer(815301076,1909f56bfc062723c751e8b465ee728b)
Start importing Assets/AddOns/MgLEGO Danger Zone/Prefabs/LEGO Models/Obstacles/Platform Medium.prefab using Guid(ccb9d6f5f5a8943a494682b851ce2a74) Importer(815301076,1909f56bfc062723c751e8b465ee728b)  -> (artifact id: 'c0ad736e2a2f59c4bd0f64020d0a86cb') in 0.074389 seconds 
  Import took 0.079985 seconds .

========================================================================
Received Import Request.
  Time since last request: 10.514308 seconds.
  path: Assets/AddOns/MgLEGO Danger Zone/Prefabs/LEGO Models/Obstacles/Platform Small.prefab
  artifactKey: Guid(b600bf17217144f2b924a81468fdc734) Importer(815301076,1909f56bfc062723c751e8b465ee728b)
Start importing Assets/AddOns/MgLEGO Danger Zone/Prefabs/LEGO Models/Obstacles/Platform Small.prefab using Guid(b600bf17217144f2b924a81468fdc734) Importer(815301076,1909f56bfc062723c751e8b465ee728b)  -> (artifact id: 'cab9b577c5e7a5995a029b4fd9116c66') in 0.039481 seconds 
  Import took 0.043548 seconds .

========================================================================
Received Import Request.
  Time since last request: 1.856696 seconds.
  path: Assets/AddOns/MgLEGO Danger Zone/Prefabs/LEGO Models/Obstacles/Ring.prefab
  artifactKey: Guid(4817cf4df44a34fd389ab835829bc7ee) Importer(815301076,1909f56bfc062723c751e8b465ee728b)
Start importing Assets/AddOns/MgLEGO Danger Zone/Prefabs/LEGO Models/Obstacles/Ring.prefab using Guid(4817cf4df44a34fd389ab835829bc7ee) Importer(815301076,1909f56bfc062723c751e8b465ee728b)  -> (artifact id: 'cb19c3822b35219f2ac18418c398eff1') in 0.241259 seconds 
  Import took 0.251923 seconds .

========================================================================
Received Prepare
Registering precompiled user dll's ...
Registered in 0.003298 seconds.
Begin MonoManager ReloadAssembly
Native extension for WindowsStandalone target not found
Native extension for WebGL target not found
Refreshing native plugins compatible for Editor in 0.57 ms, found 2 plugins.
Preloading 0 native plugins for Editor in 0.00 ms.
Mono: successfully reloaded assembly
- Completed reload, in  1.008 seconds
Platform modules already initialized, skipping
Refreshing native plugins compatible for Editor in 0.49 ms, found 2 plugins.
Preloading 0 native plugins for Editor in 0.00 ms.
Unloading 1985 Unused Serialized files (Serialized files now loaded: 0)
System memory in use before: 97.4 MB.
System memory in use after: 95.2 MB.

Unloading 32 unused Assets to reduce memory usage. Loaded Objects now: 2438.
Total: 3.041500 ms (FindLiveObjects: 0.159900 ms CreateObjectMapping: 0.063800 ms MarkObjects: 1.564900 ms  DeleteObjects: 1.252100 ms)

AssetImportParameters requested are different than current active one (requested -> active):
  custom:framework-win-MediaFoundation: 216162199b28c13a410421893ffa2e32 -> 
  custom:video-decoder-ogg-theora: a1e56fd34408186e4bbccfd4996cb3dc -> 
  custom:container-muxer-webm: aa71ff27fc2769a1b78a27578f13a17b -> 
  custom:container-demuxer-webm: 4f35f7cbe854078d1ac9338744f61a02 -> 
  custom:container-demuxer-ogg: 62fdf1f143b41e24485cea50d1cbac27 -> 
  custom:video-encoder-webm-vp8: eb34c28f22e8b96e1ab97ce403110664 -> 
  custom:video-decoder-webm-vp8: 9c59270c3fd7afecdb556c50c9e8de78 -> 
  custom:audio-decoder-ogg-vorbis: bf7c407c2cedff20999df2af8eb42d56 -> 
  custom:audio-encoder-webm-vorbis: bf7c407c2cedff20999df2af8eb42d56 -> 
========================================================================
Received Import Request.
  Time since last request: 2594.852589 seconds.
  path: Assets/AddOns/MgLEGO Danger Zone/Prefabs/LEGO Minifigs/Field Athlete.prefab
  artifactKey: Guid(2c6e863d16e12421eadb0b312add8fad) Importer(815301076,1909f56bfc062723c751e8b465ee728b)
Start importing Assets/AddOns/MgLEGO Danger Zone/Prefabs/LEGO Minifigs/Field Athlete.prefab using Guid(2c6e863d16e12421eadb0b312add8fad) Importer(815301076,1909f56bfc062723c751e8b465ee728b)  -> (artifact id: 'c7dfa2f7fbe3d1a94190803c40a2df2a') in 0.238530 seconds 
  Import took 0.249519 seconds .

========================================================================
Received Import Request.
  Time since last request: 4.367243 seconds.
  path: Assets/AddOns/MgLEGO Danger Zone/Prefabs/LEGO Minifigs/Rugby Player.prefab
  artifactKey: Guid(192c805d299d54644b7b256bcae2849c) Importer(815301076,1909f56bfc062723c751e8b465ee728b)
Start importing Assets/AddOns/MgLEGO Danger Zone/Prefabs/LEGO Minifigs/Rugby Player.prefab using Guid(192c805d299d54644b7b256bcae2849c) Importer(815301076,1909f56bfc062723c751e8b465ee728b)  -> (artifact id: 'ab920a51cca0272900312c1c14c60841') in 0.148047 seconds 
  Import took 0.158047 seconds .

========================================================================
Received Prepare
Registering precompiled user dll's ...
Registered in 0.003349 seconds.
Begin MonoManager ReloadAssembly
Native extension for WindowsStandalone target not found
Native extension for WebGL target not found
Refreshing native plugins compatible for Editor in 0.69 ms, found 2 plugins.
Preloading 0 native plugins for Editor in 0.00 ms.
Mono: successfully reloaded assembly
- Completed reload, in  1.023 seconds
Platform modules already initialized, skipping
Refreshing native plugins compatible for Editor in 0.50 ms, found 2 plugins.
Preloading 0 native plugins for Editor in 0.00 ms.
Unloading 1985 Unused Serialized files (Serialized files now loaded: 0)
System memory in use before: 97.6 MB.
System memory in use after: 95.4 MB.

Unloading 32 unused Assets to reduce memory usage. Loaded Objects now: 2441.
Total: 4.389100 ms (FindLiveObjects: 0.507700 ms CreateObjectMapping: 0.113800 ms MarkObjects: 2.061800 ms  DeleteObjects: 1.704000 ms)

AssetImportParameters requested are different than current active one (requested -> active):
  custom:framework-win-MediaFoundation: 216162199b28c13a410421893ffa2e32 -> 
  custom:video-decoder-ogg-theora: a1e56fd34408186e4bbccfd4996cb3dc -> 
  custom:container-muxer-webm: aa71ff27fc2769a1b78a27578f13a17b -> 
  custom:container-demuxer-webm: 4f35f7cbe854078d1ac9338744f61a02 -> 
  custom:container-demuxer-ogg: 62fdf1f143b41e24485cea50d1cbac27 -> 
  custom:video-encoder-webm-vp8: eb34c28f22e8b96e1ab97ce403110664 -> 
  custom:video-decoder-webm-vp8: 9c59270c3fd7afecdb556c50c9e8de78 -> 
  custom:audio-decoder-ogg-vorbis: bf7c407c2cedff20999df2af8eb42d56 -> 
  custom:audio-encoder-webm-vorbis: bf7c407c2cedff20999df2af8eb42d56 -> 
========================================================================
Received Import Request.
  Time since last request: 1011.992929 seconds.
  path: Assets/LEGO/Prefabs/Effects/Bubble.prefab
  artifactKey: Guid(eadbd69425cf444e0bb4b35e085c0b37) Importer(815301076,1909f56bfc062723c751e8b465ee728b)
Start importing Assets/LEGO/Prefabs/Effects/Bubble.prefab using Guid(eadbd69425cf444e0bb4b35e085c0b37) Importer(815301076,1909f56bfc062723c751e8b465ee728b)  -> (artifact id: 'a73e3b4ac8ef510ff551db7960a9de7b') in 0.028636 seconds 
  Import took 0.031832 seconds .

========================================================================
Received Import Request.
  Time since last request: 0.021795 seconds.
  path: Assets/LEGO/Prefabs/Effects/Bubble.prefab
  artifactKey: Guid(eadbd69425cf444e0bb4b35e085c0b37) Importer(815301076,1909f56bfc062723c751e8b465ee728b)
Start importing Assets/LEGO/Prefabs/Effects/Bubble.prefab using Guid(eadbd69425cf444e0bb4b35e085c0b37) Importer(815301076,1909f56bfc062723c751e8b465ee728b)  -> (artifact id: 'a73e3b4ac8ef510ff551db7960a9de7b') in 0.003202 seconds 
  Import took 0.006561 seconds .

========================================================================
Received Import Request.
  Time since last request: 0.006390 seconds.
  path: Assets/LEGO/Materials/Particles/Bubble.mat
  artifactKey: Guid(5e0ad87604e384807b33bce7973a1877) Importer(815301076,1909f56bfc062723c751e8b465ee728b)
Start importing Assets/LEGO/Materials/Particles/Bubble.mat using Guid(5e0ad87604e384807b33bce7973a1877) Importer(815301076,1909f56bfc062723c751e8b465ee728b)  -> (artifact id: '34020c79c85517d7e9b704e6d73bcf89') in 0.074816 seconds 
  Import took 0.077969 seconds .

========================================================================
Received Import Request.
  Time since last request: 8.479487 seconds.
  path: Assets/LEGO/Prefabs/Effects/Skull.prefab
  artifactKey: Guid(173b64c55a438417294f0118f8fc367b) Importer(815301076,1909f56bfc062723c751e8b465ee728b)
Start importing Assets/LEGO/Prefabs/Effects/Skull.prefab using Guid(173b64c55a438417294f0118f8fc367b) Importer(815301076,1909f56bfc062723c751e8b465ee728b)  -> (artifact id: '19ba69817452982a5a29207a22390239') in 0.006628 seconds 
  Import took 0.009680 seconds .

========================================================================
Received Import Request.
  Time since last request: 0.000966 seconds.
  path: Assets/LEGO/Prefabs/Effects/Skull.prefab
  artifactKey: Guid(173b64c55a438417294f0118f8fc367b) Importer(815301076,1909f56bfc062723c751e8b465ee728b)
Start importing Assets/LEGO/Prefabs/Effects/Skull.prefab using Guid(173b64c55a438417294f0118f8fc367b) Importer(815301076,1909f56bfc062723c751e8b465ee728b)  -> (artifact id: '19ba69817452982a5a29207a22390239') in 0.003009 seconds 
  Import took 0.006056 seconds .

========================================================================
Received Import Request.
  Time since last request: 0.000274 seconds.
  path: Assets/LEGO/Materials/Particles/Skull.mat
  artifactKey: Guid(e6fa1079334404a258411054f032d0de) Importer(815301076,1909f56bfc062723c751e8b465ee728b)
Start importing Assets/LEGO/Materials/Particles/Skull.mat using Guid(e6fa1079334404a258411054f032d0de) Importer(815301076,1909f56bfc062723c751e8b465ee728b)  -> (artifact id: '74d1bea83102027512295b24aa8ba0b5') in 0.070192 seconds 
  Import took 0.073566 seconds .

========================================================================
Received Import Request.
  Time since last request: 0.917229 seconds.
  path: Assets/LEGO/Prefabs/Effects/Smoke.prefab
  artifactKey: Guid(9c4fe1be4a9db448fbd3a52c5abdaab1) Importer(815301076,1909f56bfc062723c751e8b465ee728b)
Start importing Assets/LEGO/Prefabs/Effects/Smoke.prefab using Guid(9c4fe1be4a9db448fbd3a52c5abdaab1) Importer(815301076,1909f56bfc062723c751e8b465ee728b)  -> (artifact id: 'ab855f1476aec2823981756facf2ae5f') in 0.005942 seconds 
  Import took 0.009027 seconds .

========================================================================
Received Import Request.
  Time since last request: 1.701255 seconds.
  path: Assets/LEGO/Prefabs/Effects/Spark.prefab
  artifactKey: Guid(19de9a2b940424ed79c1bbf02617bf08) Importer(815301076,1909f56bfc062723c751e8b465ee728b)
Start importing Assets/LEGO/Prefabs/Effects/Spark.prefab using Guid(19de9a2b940424ed79c1bbf02617bf08) Importer(815301076,1909f56bfc062723c751e8b465ee728b)  -> (artifact id: '2e01461c66af0b1b32e60e399a4e989b') in 0.005920 seconds 
  Import took 0.009005 seconds .

========================================================================
Received Import Request.
  Time since last request: 0.001126 seconds.
  path: Assets/LEGO/Prefabs/Effects/Spark.prefab
  artifactKey: Guid(19de9a2b940424ed79c1bbf02617bf08) Importer(815301076,1909f56bfc062723c751e8b465ee728b)
Start importing Assets/LEGO/Prefabs/Effects/Spark.prefab using Guid(19de9a2b940424ed79c1bbf02617bf08) Importer(815301076,1909f56bfc062723c751e8b465ee728b)  -> (artifact id: '2e01461c66af0b1b32e60e399a4e989b') in 0.003068 seconds 
  Import took 0.006084 seconds .

========================================================================
Received Import Request.
  Time since last request: 2.018860 seconds.
  path: Assets/LEGO/Prefabs/Effects/Sparkle.prefab
  artifactKey: Guid(b096279cf46d9461fb5f199c8d5fde6e) Importer(815301076,1909f56bfc062723c751e8b465ee728b)
Start importing Assets/LEGO/Prefabs/Effects/Sparkle.prefab using Guid(b096279cf46d9461fb5f199c8d5fde6e) Importer(815301076,1909f56bfc062723c751e8b465ee728b)  -> (artifact id: '0d3d5082d846222eb1d38d636a5d3120') in 0.005692 seconds 
  Import took 0.008735 seconds .

========================================================================
Received Import Request.
  Time since last request: 335.171395 seconds.
  path: Assets/AddOns/MgLEGO Danger Zone/Prefabs/Effects
  artifactKey: Guid(8b1da37820689467faaf2609a024fb6f) Importer(815301076,1909f56bfc062723c751e8b465ee728b)
Start importing Assets/AddOns/MgLEGO Danger Zone/Prefabs/Effects using Guid(8b1da37820689467faaf2609a024fb6f) Importer(815301076,1909f56bfc062723c751e8b465ee728b)  -> (artifact id: 'a48feef220435022219f595a5f3f2bb2') in 0.008468 seconds 
  Import took 0.012790 seconds .

========================================================================
Received Prepare
Registering precompiled user dll's ...
Registered in 0.003288 seconds.
Begin MonoManager ReloadAssembly
Native extension for WindowsStandalone target not found
Native extension for WebGL target not found
Refreshing native plugins compatible for Editor in 0.78 ms, found 2 plugins.
Preloading 0 native plugins for Editor in 0.00 ms.
Mono: successfully reloaded assembly
- Completed reload, in  1.002 seconds
Platform modules already initialized, skipping
Refreshing native plugins compatible for Editor in 0.49 ms, found 2 plugins.
Preloading 0 native plugins for Editor in 0.00 ms.
Unloading 1985 Unused Serialized files (Serialized files now loaded: 0)
System memory in use before: 98.0 MB.
System memory in use after: 95.8 MB.

Unloading 32 unused Assets to reduce memory usage. Loaded Objects now: 2477.
Total: 3.673000 ms (FindLiveObjects: 0.191300 ms CreateObjectMapping: 0.063800 ms MarkObjects: 1.880900 ms  DeleteObjects: 1.535900 ms)

AssetImportParameters requested are different than current active one (requested -> active):
  custom:framework-win-MediaFoundation: 216162199b28c13a410421893ffa2e32 -> 
  custom:video-decoder-ogg-theora: a1e56fd34408186e4bbccfd4996cb3dc -> 
  custom:container-muxer-webm: aa71ff27fc2769a1b78a27578f13a17b -> 
  custom:container-demuxer-webm: 4f35f7cbe854078d1ac9338744f61a02 -> 
  custom:container-demuxer-ogg: 62fdf1f143b41e24485cea50d1cbac27 -> 
  custom:video-encoder-webm-vp8: eb34c28f22e8b96e1ab97ce403110664 -> 
  custom:video-decoder-webm-vp8: 9c59270c3fd7afecdb556c50c9e8de78 -> 
  custom:audio-decoder-ogg-vorbis: bf7c407c2cedff20999df2af8eb42d56 -> 
  custom:audio-encoder-webm-vorbis: bf7c407c2cedff20999df2af8eb42d56 -> 
AssetImportWorkerClient::OnTransportError - code=2 error=End of file
